<?xml version="1.0" encoding="UTF-8"?>
<testsuite name="cs.home.shopping.service.CartServiceTest" tests="7" skipped="0" failures="5" errors="0" timestamp="2025-02-06T11:58:07" hostname="CSC-DEV" time="0.141">
  <properties/>
  <testcase name="when a regular Customer adds 3 shirts to cart then total should be 71.98" classname="cs.home.shopping.service.CartServiceTest" time="0.019">
    <failure message="groovy.lang.MissingMethodException: No signature of method: cs.home.shopping.model.entity.CartItem$CartItemBuilder.cartId() is applicable for argument types: (Integer) values: [1]&#10;Possible solutions: wait(), wait(long), wait(long, int)" type="groovy.lang.MissingMethodException">groovy.lang.MissingMethodException: No signature of method: cs.home.shopping.model.entity.CartItem$CartItemBuilder.cartId() is applicable for argument types: (Integer) values: [1]
Possible solutions: wait(), wait(long), wait(long, int)
	at app//cs.home.shopping.shared.BaseTest.generateItems(BaseTest.groovy:57)
	at cs.home.shopping.service.CartServiceTest.when a #customerType Customer adds #items to cart then total should be #expected(CartServiceTest.groovy:32)
</failure>
  </testcase>
  <testcase name="when a regular Customer adds 2 shirts and 2 jeans to cart then total should be 166.99" classname="cs.home.shopping.service.CartServiceTest" time="0.004">
    <failure message="groovy.lang.MissingMethodException: No signature of method: cs.home.shopping.model.entity.CartItem$CartItemBuilder.cartId() is applicable for argument types: (Integer) values: [1]&#10;Possible solutions: wait(), wait(long), wait(long, int)" type="groovy.lang.MissingMethodException">groovy.lang.MissingMethodException: No signature of method: cs.home.shopping.model.entity.CartItem$CartItemBuilder.cartId() is applicable for argument types: (Integer) values: [1]
Possible solutions: wait(), wait(long), wait(long, int)
	at app//cs.home.shopping.shared.BaseTest.generateItems(BaseTest.groovy:49)
	at cs.home.shopping.service.CartServiceTest.when a #customerType Customer adds #items to cart then total should be #expected(CartServiceTest.groovy:32)
</failure>
  </testcase>
  <testcase name="when a VIP Customer adds 3 dresses to cart then total should be 161.50" classname="cs.home.shopping.service.CartServiceTest" time="0.005">
    <failure message="groovy.lang.MissingMethodException: No signature of method: cs.home.shopping.model.entity.CartItem$CartItemBuilder.cartId() is applicable for argument types: (Integer) values: [1]&#10;Possible solutions: wait(), wait(long), wait(long, int)" type="groovy.lang.MissingMethodException">groovy.lang.MissingMethodException: No signature of method: cs.home.shopping.model.entity.CartItem$CartItemBuilder.cartId() is applicable for argument types: (Integer) values: [1]
Possible solutions: wait(), wait(long), wait(long, int)
	at app//cs.home.shopping.shared.BaseTest.generateItems(BaseTest.groovy:41)
	at cs.home.shopping.service.CartServiceTest.when a #customerType Customer adds #items to cart then total should be #expected(CartServiceTest.groovy:32)
</failure>
  </testcase>
  <testcase name="when a VIP Customer adds 2 jeans and 2 dresses to cart then total should be 227.00" classname="cs.home.shopping.service.CartServiceTest" time="0.003">
    <failure message="groovy.lang.MissingMethodException: No signature of method: cs.home.shopping.model.entity.CartItem$CartItemBuilder.cartId() is applicable for argument types: (Integer) values: [1]&#10;Possible solutions: wait(), wait(long), wait(long, int)" type="groovy.lang.MissingMethodException">groovy.lang.MissingMethodException: No signature of method: cs.home.shopping.model.entity.CartItem$CartItemBuilder.cartId() is applicable for argument types: (Integer) values: [1]
Possible solutions: wait(), wait(long), wait(long, int)
	at app//cs.home.shopping.shared.BaseTest.generateItems(BaseTest.groovy:41)
	at cs.home.shopping.service.CartServiceTest.when a #customerType Customer adds #items to cart then total should be #expected(CartServiceTest.groovy:32)
</failure>
  </testcase>
  <testcase name="when a VIP Customer adds 4 shirts and 1 jeans to cart then total should be 173.47" classname="cs.home.shopping.service.CartServiceTest" time="0.002">
    <failure message="groovy.lang.MissingMethodException: No signature of method: cs.home.shopping.model.entity.CartItem$CartItemBuilder.cartId() is applicable for argument types: (Integer) values: [1]&#10;Possible solutions: wait(), wait(long), wait(long, int)" type="groovy.lang.MissingMethodException">groovy.lang.MissingMethodException: No signature of method: cs.home.shopping.model.entity.CartItem$CartItemBuilder.cartId() is applicable for argument types: (Integer) values: [1]
Possible solutions: wait(), wait(long), wait(long, int)
	at app//cs.home.shopping.shared.BaseTest.generateItems(BaseTest.groovy:49)
	at cs.home.shopping.service.CartServiceTest.when a #customerType Customer adds #items to cart then total should be #expected(CartServiceTest.groovy:32)
</failure>
  </testcase>
  <testcase name="when adding new products then should create an item" classname="cs.home.shopping.service.CartServiceTest" time="0.086"/>
  <testcase name="when adding existing products then should add to existing" classname="cs.home.shopping.service.CartServiceTest" time="0.006"/>
  <system-out><![CDATA[08:58:07.475 [Test worker] INFO cs.home.shopping.service.CartService -- Adding productId 2 (quantity: 1) on current cart
08:58:07.483 [Test worker] INFO cs.home.shopping.service.CartService -- Item not found, adding it
08:58:07.528 [Test worker] INFO cs.home.shopping.service.CartService -- Adding productId 1 (quantity: 1) on current cart
08:58:07.529 [Test worker] INFO cs.home.shopping.service.CartService -- Item found, increasing quantity
]]></system-out>
  <system-err><![CDATA[]]></system-err>
</testsuite>
